<?xml version="1.0" encoding="UTF-8"?>
<!-- Generated by org.testng.reporters.JUnitReportReporter -->
<testsuite hostname="Balajimahi" failures="0" tests="3" name="Test.Code_TDD_RW" time="2.540" errors="0" timestamp="2025-08-24T22:29:17 IST" skipped="0">
  <testcase classname="Test.Code_TDD_RW" name="testDataProcessing" time="0.316"/>
  <testcase classname="Test.Code_TDD_RW" name="Wdtable" time="1.005"/>
  <testcase classname="Test.Code_TDD_RW" name="Wdtable" time="1.219"/>
</testsuite> <!-- Test.Code_TDD_RW -->
