<?xml version="1.0" encoding="UTF-8"?>
<!-- Generated by org.testng.reporters.JUnitReportReporter -->
<testsuite hostname="Balajimahi" failures="0" tests="1" name="Test.Code_TDD_RW" time="0.274" errors="0" timestamp="2025-08-23T21:24:53 IST" skipped="0">
  <testcase classname="Test.Code_TDD_RW" name="testDataProcessing" time="0.274"/>
</testsuite> <!-- Test.Code_TDD_RW -->
